running egg_info
writing build/team1/team1.egg-info/PKG-INFO
writing dependency_links to build/team1/team1.egg-info/dependency_links.txt
writing entry points to build/team1/team1.egg-info/entry_points.txt
writing requirements to build/team1/team1.egg-info/requires.txt
writing top-level names to build/team1/team1.egg-info/top_level.txt
reading manifest file 'build/team1/team1.egg-info/SOURCES.txt'
writing manifest file 'build/team1/team1.egg-info/SOURCES.txt'
running build
running build_py
running install
running install_lib
running install_data
running install_egg_info
removing '/home/nvidia/colcon_ws/src/team1/install/team1/lib/python3.10/site-packages/team1-0.0.0-py3.10.egg-info' (and everything under it)
Copying build/team1/team1.egg-info to /home/nvidia/colcon_ws/src/team1/install/team1/lib/python3.10/site-packages/team1-0.0.0-py3.10.egg-info
running install_scripts
Installing ackermann_publisher script to /home/nvidia/colcon_ws/src/team1/install/team1/lib/team1
Installing automatic_braking script to /home/nvidia/colcon_ws/src/team1/install/team1/lib/team1
Installing lidar_processing script to /home/nvidia/colcon_ws/src/team1/install/team1/lib/team1
Installing pure_pursuit_controller script to /home/nvidia/colcon_ws/src/team1/install/team1/lib/team1
writing list of installed files to '/home/nvidia/colcon_ws/src/team1/build/team1/install.log'
