running egg_info
creating build/team1/team1.egg-info
writing build/team1/team1.egg-info/PKG-INFO
writing dependency_links to build/team1/team1.egg-info/dependency_links.txt
writing entry points to build/team1/team1.egg-info/entry_points.txt
writing requirements to build/team1/team1.egg-info/requires.txt
writing top-level names to build/team1/team1.egg-info/top_level.txt
writing manifest file 'build/team1/team1.egg-info/SOURCES.txt'
reading manifest file 'build/team1/team1.egg-info/SOURCES.txt'
writing manifest file 'build/team1/team1.egg-info/SOURCES.txt'
running build
running build_py
creating /home/nvidia/colcon_ws/src/team1/build/team1/build
creating /home/nvidia/colcon_ws/src/team1/build/team1/build/lib
creating /home/nvidia/colcon_ws/src/team1/build/team1/build/lib/team1
copying team1/ackermann_publisher.py -> /home/nvidia/colcon_ws/src/team1/build/team1/build/lib/team1
copying team1/reactive_controller.py -> /home/nvidia/colcon_ws/src/team1/build/team1/build/lib/team1
copying team1/lidar_processing.py -> /home/nvidia/colcon_ws/src/team1/build/team1/build/lib/team1
copying team1/__init__.py -> /home/nvidia/colcon_ws/src/team1/build/team1/build/lib/team1
copying team1/pure_pursuit_controller.py -> /home/nvidia/colcon_ws/src/team1/build/team1/build/lib/team1
copying team1/automatic_braking.py -> /home/nvidia/colcon_ws/src/team1/build/team1/build/lib/team1
running install
running install_lib
creating /home/nvidia/colcon_ws/src/team1/install/team1/lib/python3.10/site-packages/team1
copying /home/nvidia/colcon_ws/src/team1/build/team1/build/lib/team1/ackermann_publisher.py -> /home/nvidia/colcon_ws/src/team1/install/team1/lib/python3.10/site-packages/team1
copying /home/nvidia/colcon_ws/src/team1/build/team1/build/lib/team1/reactive_controller.py -> /home/nvidia/colcon_ws/src/team1/install/team1/lib/python3.10/site-packages/team1
copying /home/nvidia/colcon_ws/src/team1/build/team1/build/lib/team1/lidar_processing.py -> /home/nvidia/colcon_ws/src/team1/install/team1/lib/python3.10/site-packages/team1
copying /home/nvidia/colcon_ws/src/team1/build/team1/build/lib/team1/__init__.py -> /home/nvidia/colcon_ws/src/team1/install/team1/lib/python3.10/site-packages/team1
copying /home/nvidia/colcon_ws/src/team1/build/team1/build/lib/team1/pure_pursuit_controller.py -> /home/nvidia/colcon_ws/src/team1/install/team1/lib/python3.10/site-packages/team1
copying /home/nvidia/colcon_ws/src/team1/build/team1/build/lib/team1/automatic_braking.py -> /home/nvidia/colcon_ws/src/team1/install/team1/lib/python3.10/site-packages/team1
byte-compiling /home/nvidia/colcon_ws/src/team1/install/team1/lib/python3.10/site-packages/team1/ackermann_publisher.py to ackermann_publisher.cpython-310.pyc
byte-compiling /home/nvidia/colcon_ws/src/team1/install/team1/lib/python3.10/site-packages/team1/reactive_controller.py to reactive_controller.cpython-310.pyc
byte-compiling /home/nvidia/colcon_ws/src/team1/install/team1/lib/python3.10/site-packages/team1/lidar_processing.py to lidar_processing.cpython-310.pyc
byte-compiling /home/nvidia/colcon_ws/src/team1/install/team1/lib/python3.10/site-packages/team1/__init__.py to __init__.cpython-310.pyc
byte-compiling /home/nvidia/colcon_ws/src/team1/install/team1/lib/python3.10/site-packages/team1/pure_pursuit_controller.py to pure_pursuit_controller.cpython-310.pyc
byte-compiling /home/nvidia/colcon_ws/src/team1/install/team1/lib/python3.10/site-packages/team1/automatic_braking.py to automatic_braking.cpython-310.pyc
running install_data
creating /home/nvidia/colcon_ws/src/team1/install/team1/share/ament_index
creating /home/nvidia/colcon_ws/src/team1/install/team1/share/ament_index/resource_index
creating /home/nvidia/colcon_ws/src/team1/install/team1/share/ament_index/resource_index/packages
copying resource/team1 -> /home/nvidia/colcon_ws/src/team1/install/team1/share/ament_index/resource_index/packages
copying package.xml -> /home/nvidia/colcon_ws/src/team1/install/team1/share/team1
creating /home/nvidia/colcon_ws/src/team1/install/team1/share/team1/launch
copying launch/team1.launch.py -> /home/nvidia/colcon_ws/src/team1/install/team1/share/team1/launch
copying launch/team1_n.launch.py -> /home/nvidia/colcon_ws/src/team1/install/team1/share/team1/launch
running install_egg_info
Copying build/team1/team1.egg-info to /home/nvidia/colcon_ws/src/team1/install/team1/lib/python3.10/site-packages/team1-0.0.0-py3.10.egg-info
running install_scripts
Installing ackermann_publisher script to /home/nvidia/colcon_ws/src/team1/install/team1/lib/team1
Installing automatic_braking script to /home/nvidia/colcon_ws/src/team1/install/team1/lib/team1
Installing lidar_processing script to /home/nvidia/colcon_ws/src/team1/install/team1/lib/team1
Installing pure_pursuit_controller script to /home/nvidia/colcon_ws/src/team1/install/team1/lib/team1
writing list of installed files to '/home/nvidia/colcon_ws/src/team1/build/team1/install.log'
