/home/nvidia/colcon_ws/src/team1/install/team1/lib/python3.10/site-packages/team1/ackermann_publisher.py
/home/nvidia/colcon_ws/src/team1/install/team1/lib/python3.10/site-packages/team1/reactive_controller.py
/home/nvidia/colcon_ws/src/team1/install/team1/lib/python3.10/site-packages/team1/lidar_processing.py
/home/nvidia/colcon_ws/src/team1/install/team1/lib/python3.10/site-packages/team1/__init__.py
/home/nvidia/colcon_ws/src/team1/install/team1/lib/python3.10/site-packages/team1/pure_pursuit_controller.py
/home/nvidia/colcon_ws/src/team1/install/team1/lib/python3.10/site-packages/team1/automatic_braking.py
/home/nvidia/colcon_ws/src/team1/install/team1/lib/python3.10/site-packages/team1/__pycache__/ackermann_publisher.cpython-310.pyc
/home/nvidia/colcon_ws/src/team1/install/team1/lib/python3.10/site-packages/team1/__pycache__/reactive_controller.cpython-310.pyc
/home/nvidia/colcon_ws/src/team1/install/team1/lib/python3.10/site-packages/team1/__pycache__/lidar_processing.cpython-310.pyc
/home/nvidia/colcon_ws/src/team1/install/team1/lib/python3.10/site-packages/team1/__pycache__/__init__.cpython-310.pyc
/home/nvidia/colcon_ws/src/team1/install/team1/lib/python3.10/site-packages/team1/__pycache__/pure_pursuit_controller.cpython-310.pyc
/home/nvidia/colcon_ws/src/team1/install/team1/lib/python3.10/site-packages/team1/__pycache__/automatic_braking.cpython-310.pyc
/home/nvidia/colcon_ws/src/team1/install/team1/share/ament_index/resource_index/packages/team1
/home/nvidia/colcon_ws/src/team1/install/team1/share/team1/package.xml
/home/nvidia/colcon_ws/src/team1/install/team1/share/team1/launch/team1.launch.py
/home/nvidia/colcon_ws/src/team1/install/team1/share/team1/launch/team1_n.launch.py
/home/nvidia/colcon_ws/src/team1/install/team1/lib/python3.10/site-packages/team1-0.0.0-py3.10.egg-info/dependency_links.txt
/home/nvidia/colcon_ws/src/team1/install/team1/lib/python3.10/site-packages/team1-0.0.0-py3.10.egg-info/SOURCES.txt
/home/nvidia/colcon_ws/src/team1/install/team1/lib/python3.10/site-packages/team1-0.0.0-py3.10.egg-info/requires.txt
/home/nvidia/colcon_ws/src/team1/install/team1/lib/python3.10/site-packages/team1-0.0.0-py3.10.egg-info/PKG-INFO
/home/nvidia/colcon_ws/src/team1/install/team1/lib/python3.10/site-packages/team1-0.0.0-py3.10.egg-info/entry_points.txt
/home/nvidia/colcon_ws/src/team1/install/team1/lib/python3.10/site-packages/team1-0.0.0-py3.10.egg-info/zip-safe
/home/nvidia/colcon_ws/src/team1/install/team1/lib/python3.10/site-packages/team1-0.0.0-py3.10.egg-info/top_level.txt
/home/nvidia/colcon_ws/src/team1/install/team1/lib/team1/ackermann_publisher
/home/nvidia/colcon_ws/src/team1/install/team1/lib/team1/automatic_braking
/home/nvidia/colcon_ws/src/team1/install/team1/lib/team1/lidar_processing
/home/nvidia/colcon_ws/src/team1/install/team1/lib/team1/pure_pursuit_controller
