[0.282s] [34mcolcon[0m [1;30mDEBUG[0m [32mCommand line arguments: ['/usr/bin/colcon', 'build', '--packages-select', 'team1'][0m
[0.282s] [34mcolcon[0m [1;30mDEBUG[0m [32mParsed command line arguments: Namespace(log_base=None, log_level=None, verb_name='build', build_base='build', install_base='install', merge_install=False, symlink_install=False, test_result_base=None, continue_on_error=False, executor='parallel', parallel_workers=6, event_handlers=None, ignore_user_meta=False, metas=['./colcon.meta'], base_paths=['.'], packages_ignore=None, packages_ignore_regex=None, paths=None, packages_up_to=None, packages_up_to_regex=None, packages_above=None, packages_above_and_dependencies=None, packages_above_depth=None, packages_select_by_dep=None, packages_skip_by_dep=None, packages_skip_up_to=None, packages_select_build_failed=False, packages_skip_build_finished=False, packages_select_test_failures=False, packages_skip_test_passed=False, packages_select=['team1'], packages_skip=None, packages_select_regex=None, packages_skip_regex=None, packages_start=None, packages_end=None, allow_overriding=[], cmake_args=None, cmake_target=None, cmake_target_skip_unavailable=False, cmake_clean_cache=False, cmake_clean_first=False, cmake_force_configure=False, ament_cmake_args=None, catkin_cmake_args=None, catkin_skip_building_tests=False, mixin_files=None, mixin=None, verb_parser=<colcon_mixin.mixin.mixin_argument.MixinArgumentDecorator object at 0xffff7efab940>, verb_extension=<colcon_core.verb.build.BuildVerb object at 0xffff7efab490>, main=<bound method BuildVerb.main of <colcon_core.verb.build.BuildVerb object at 0xffff7efab490>>, mixin_verb=('build',))[0m
[0.703s] [34mcolcon.colcon_core.package_discovery[0m [1;30mLevel 1[0m discover_packages(colcon_meta) check parameters
[0.703s] [34mcolcon.colcon_core.package_discovery[0m [1;30mLevel 1[0m discover_packages(recursive) check parameters
[0.703s] [34mcolcon.colcon_core.package_discovery[0m [1;30mLevel 1[0m discover_packages(ignore) check parameters
[0.704s] [34mcolcon.colcon_core.package_discovery[0m [1;30mLevel 1[0m discover_packages(path) check parameters
[0.704s] [34mcolcon.colcon_core.package_discovery[0m [1;30mLevel 1[0m discover_packages(colcon_meta) discover
[0.704s] [34mcolcon.colcon_core.package_discovery[0m [1;30mLevel 1[0m discover_packages(recursive) discover
[0.704s] [34mcolcon.colcon_core.package_discovery[0m [1;30mINFO[0m Crawling recursively for packages in '/home/nvidia/colcon_ws/src/team1'
[0.704s] [34mcolcon.colcon_core.package_identification[0m [1;30mLevel 1[0m _identify(.) by extensions ['ignore', 'ignore_ament_install']
[0.704s] [34mcolcon.colcon_core.package_identification[0m [1;30mLevel 1[0m _identify(.) by extension 'ignore'
[0.705s] [34mcolcon.colcon_core.package_identification[0m [1;30mLevel 1[0m _identify(.) by extension 'ignore_ament_install'
[0.705s] [34mcolcon.colcon_core.package_identification[0m [1;30mLevel 1[0m _identify(.) by extensions ['colcon_pkg']
[0.705s] [34mcolcon.colcon_core.package_identification[0m [1;30mLevel 1[0m _identify(.) by extension 'colcon_pkg'
[0.705s] [34mcolcon.colcon_core.package_identification[0m [1;30mLevel 1[0m _identify(.) by extensions ['colcon_meta']
[0.705s] [34mcolcon.colcon_core.package_identification[0m [1;30mLevel 1[0m _identify(.) by extension 'colcon_meta'
[0.705s] [34mcolcon.colcon_core.package_identification[0m [1;30mLevel 1[0m _identify(.) by extensions ['ros']
[0.705s] [34mcolcon.colcon_core.package_identification[0m [1;30mLevel 1[0m _identify(.) by extension 'ros'
[0.761s] [34mcolcon.colcon_core.package_identification[0m [1;30mDEBUG[0m [32mPackage '.' with type 'ros.ament_python' and name 'team1'[0m
[0.762s] [34mcolcon.colcon_core.package_discovery[0m [1;30mLevel 1[0m discover_packages(recursive) using defaults
[0.762s] [34mcolcon.colcon_core.package_discovery[0m [1;30mLevel 1[0m discover_packages(ignore) discover
[0.762s] [34mcolcon.colcon_core.package_discovery[0m [1;30mLevel 1[0m discover_packages(ignore) using defaults
[0.762s] [34mcolcon.colcon_core.package_discovery[0m [1;30mLevel 1[0m discover_packages(path) discover
[0.762s] [34mcolcon.colcon_core.package_discovery[0m [1;30mLevel 1[0m discover_packages(path) using defaults
[0.797s] [34mcolcon.colcon_core.package_discovery[0m [1;30mLevel 1[0m discover_packages(prefix_path) check parameters
[0.797s] [34mcolcon.colcon_core.package_discovery[0m [1;30mLevel 1[0m discover_packages(prefix_path) discover
[0.807s] [34mcolcon.colcon_installed_package_information.package_discovery[0m [1;30mDEBUG[0m [32mFound 29 installed packages in /home/nvidia/colcon_ws/install[0m
[0.809s] [34mcolcon.colcon_installed_package_information.package_discovery[0m [1;30mDEBUG[0m [32mFound 17 installed packages in /home/nvidia/colcon_ws/src/install[0m
[0.813s] [34mcolcon.colcon_installed_package_information.package_discovery[0m [1;30mDEBUG[0m [32mFound 20 installed packages in /home/nvidia/teamWon/install[0m
[0.817s] [34mcolcon.colcon_installed_package_information.package_discovery[0m [1;30mDEBUG[0m [32mFound 248 installed packages in /opt/ros/humble[0m
[0.820s] [34mcolcon.colcon_core.package_discovery[0m [1;30mLevel 1[0m discover_packages(prefix_path) using defaults
[0.895s] [34mcolcon.colcon_core.verb[0m [1;30mLevel 5[0m set package 'team1' build argument 'cmake_args' from command line to 'None'
[0.895s] [34mcolcon.colcon_core.verb[0m [1;30mLevel 5[0m set package 'team1' build argument 'cmake_target' from command line to 'None'
[0.895s] [34mcolcon.colcon_core.verb[0m [1;30mLevel 5[0m set package 'team1' build argument 'cmake_target_skip_unavailable' from command line to 'False'
[0.895s] [34mcolcon.colcon_core.verb[0m [1;30mLevel 5[0m set package 'team1' build argument 'cmake_clean_cache' from command line to 'False'
[0.895s] [34mcolcon.colcon_core.verb[0m [1;30mLevel 5[0m set package 'team1' build argument 'cmake_clean_first' from command line to 'False'
[0.895s] [34mcolcon.colcon_core.verb[0m [1;30mLevel 5[0m set package 'team1' build argument 'cmake_force_configure' from command line to 'False'
[0.895s] [34mcolcon.colcon_core.verb[0m [1;30mLevel 5[0m set package 'team1' build argument 'ament_cmake_args' from command line to 'None'
[0.896s] [34mcolcon.colcon_core.verb[0m [1;30mLevel 5[0m set package 'team1' build argument 'catkin_cmake_args' from command line to 'None'
[0.896s] [34mcolcon.colcon_core.verb[0m [1;30mLevel 5[0m set package 'team1' build argument 'catkin_skip_building_tests' from command line to 'False'
[0.896s] [34mcolcon.colcon_core.verb[0m [1;30mDEBUG[0m [32mBuilding package 'team1' with the following arguments: {'ament_cmake_args': None, 'build_base': '/home/nvidia/colcon_ws/src/team1/build/team1', 'catkin_cmake_args': None, 'catkin_skip_building_tests': False, 'cmake_args': None, 'cmake_clean_cache': False, 'cmake_clean_first': False, 'cmake_force_configure': False, 'cmake_target': None, 'cmake_target_skip_unavailable': False, 'install_base': '/home/nvidia/colcon_ws/src/team1/install/team1', 'merge_install': False, 'path': '/home/nvidia/colcon_ws/src/team1', 'symlink_install': False, 'test_result_base': None}[0m
[0.896s] [34mcolcon.colcon_core.executor[0m [1;30mINFO[0m Executing jobs using 'parallel' executor
[0.899s] [34mcolcon.colcon_parallel_executor.executor.parallel[0m [1;30mDEBUG[0m [32mrun_until_complete[0m
[0.899s] [34mcolcon.colcon_ros.task.ament_python.build[0m [1;30mINFO[0m Building ROS package in '/home/nvidia/colcon_ws/src/team1' with build type 'ament_python'
[0.900s] [34mcolcon.colcon_core.shell[0m [1;30mLevel 1[0m create_environment_hook('team1', 'ament_prefix_path')
[0.906s] [34mcolcon.colcon_core.plugin_system[0m [1;30mINFO[0m Skipping extension 'colcon_core.shell.bat': Not used on non-Windows systems
[0.906s] [34mcolcon.colcon_core.shell[0m [1;30mINFO[0m Creating environment hook '/home/nvidia/colcon_ws/src/team1/install/team1/share/team1/hook/ament_prefix_path.ps1'
[0.908s] [34mcolcon.colcon_core.shell[0m [1;30mINFO[0m Creating environment descriptor '/home/nvidia/colcon_ws/src/team1/install/team1/share/team1/hook/ament_prefix_path.dsv'
[0.909s] [34mcolcon.colcon_core.shell[0m [1;30mINFO[0m Creating environment hook '/home/nvidia/colcon_ws/src/team1/install/team1/share/team1/hook/ament_prefix_path.sh'
[0.911s] [34mcolcon.colcon_core.shell[0m [1;30mINFO[0m Skip shell extension 'powershell' for command environment: Not usable outside of PowerShell
[0.911s] [34mcolcon.colcon_core.shell[0m [1;30mDEBUG[0m [32mSkip shell extension 'dsv' for command environment[0m
[1.625s] [34mcolcon.colcon_core.task.python.build[0m [1;30mINFO[0m Building Python package in '/home/nvidia/colcon_ws/src/team1'
[1.626s] [34mcolcon.colcon_core.shell[0m [1;30mINFO[0m Skip shell extension 'powershell' for command environment: Not usable outside of PowerShell
[1.626s] [34mcolcon.colcon_core.shell[0m [1;30mDEBUG[0m [32mSkip shell extension 'dsv' for command environment[0m
[2.634s] [34mcolcon.colcon_core.event_handler.log_command[0m [1;30mDEBUG[0m [32mInvoking command in '/home/nvidia/colcon_ws/src/team1': PYTHONPATH=/home/nvidia/colcon_ws/src/team1/build/team1/prefix_override:/usr/lib/python3/dist-packages/colcon_core/task/python/colcon_distutils_commands:/home/nvidia/colcon_ws/src/team1/install/team1/lib/python3.10/site-packages:${PYTHONPATH} /usr/bin/python3 -W ignore:setup.py install is deprecated setup.py egg_info --egg-base build/team1 build --build-base /home/nvidia/colcon_ws/src/team1/build/team1/build install --record /home/nvidia/colcon_ws/src/team1/build/team1/install.log --install-scripts $base/lib/team1 --single-version-externally-managed install_data[0m
[3.418s] [34mcolcon.colcon_core.event_handler.log_command[0m [1;30mDEBUG[0m [32mInvoked command in '/home/nvidia/colcon_ws/src/team1' returned '0': PYTHONPATH=/home/nvidia/colcon_ws/src/team1/build/team1/prefix_override:/usr/lib/python3/dist-packages/colcon_core/task/python/colcon_distutils_commands:/home/nvidia/colcon_ws/src/team1/install/team1/lib/python3.10/site-packages:${PYTHONPATH} /usr/bin/python3 -W ignore:setup.py install is deprecated setup.py egg_info --egg-base build/team1 build --build-base /home/nvidia/colcon_ws/src/team1/build/team1/build install --record /home/nvidia/colcon_ws/src/team1/build/team1/install.log --install-scripts $base/lib/team1 --single-version-externally-managed install_data[0m
[3.426s] [34mcolcon.colcon_core.environment[0m [1;30mLevel 1[0m checking '/home/nvidia/colcon_ws/src/team1/install/team1' for CMake module files
[3.427s] [34mcolcon.colcon_core.environment[0m [1;30mLevel 1[0m checking '/home/nvidia/colcon_ws/src/team1/install/team1' for CMake config files
[3.430s] [34mcolcon.colcon_core.environment[0m [1;30mLevel 1[0m checking '/home/nvidia/colcon_ws/src/team1/install/team1/lib'
[3.431s] [34mcolcon.colcon_core.environment[0m [1;30mLevel 1[0m checking '/home/nvidia/colcon_ws/src/team1/install/team1/bin'
[3.431s] [34mcolcon.colcon_core.environment[0m [1;30mLevel 1[0m checking '/home/nvidia/colcon_ws/src/team1/install/team1/lib/pkgconfig/team1.pc'
[3.432s] [34mcolcon.colcon_core.environment[0m [1;30mLevel 1[0m checking '/home/nvidia/colcon_ws/src/team1/install/team1/lib/python3.10/site-packages'
[3.432s] [34mcolcon.colcon_core.shell[0m [1;30mLevel 1[0m create_environment_hook('team1', 'pythonpath')
[3.433s] [34mcolcon.colcon_core.shell[0m [1;30mINFO[0m Creating environment hook '/home/nvidia/colcon_ws/src/team1/install/team1/share/team1/hook/pythonpath.ps1'
[3.436s] [34mcolcon.colcon_core.shell[0m [1;30mINFO[0m Creating environment descriptor '/home/nvidia/colcon_ws/src/team1/install/team1/share/team1/hook/pythonpath.dsv'
[3.437s] [34mcolcon.colcon_core.shell[0m [1;30mINFO[0m Creating environment hook '/home/nvidia/colcon_ws/src/team1/install/team1/share/team1/hook/pythonpath.sh'
[3.439s] [34mcolcon.colcon_core.environment[0m [1;30mLevel 1[0m checking '/home/nvidia/colcon_ws/src/team1/install/team1/bin'
[3.439s] [34mcolcon.colcon_core.environment[0m [1;30mLevel 1[0m create_environment_scripts_only(team1)
[3.440s] [34mcolcon.colcon_core.shell[0m [1;30mINFO[0m Creating package script '/home/nvidia/colcon_ws/src/team1/install/team1/share/team1/package.ps1'
[3.443s] [34mcolcon.colcon_core.shell[0m [1;30mINFO[0m Creating package descriptor '/home/nvidia/colcon_ws/src/team1/install/team1/share/team1/package.dsv'
[3.445s] [34mcolcon.colcon_core.shell[0m [1;30mINFO[0m Creating package script '/home/nvidia/colcon_ws/src/team1/install/team1/share/team1/package.sh'
[3.447s] [34mcolcon.colcon_core.shell[0m [1;30mINFO[0m Creating package script '/home/nvidia/colcon_ws/src/team1/install/team1/share/team1/package.bash'
[3.449s] [34mcolcon.colcon_core.shell[0m [1;30mINFO[0m Creating package script '/home/nvidia/colcon_ws/src/team1/install/team1/share/team1/package.zsh'
[3.450s] [34mcolcon.colcon_core.environment[0m [1;30mLevel 1[0m create_file_with_runtime_dependencies(/home/nvidia/colcon_ws/src/team1/install/team1/share/colcon-core/packages/team1)
[3.452s] [34mcolcon.colcon_parallel_executor.executor.parallel[0m [1;30mDEBUG[0m [32mclosing loop[0m
[3.453s] [34mcolcon.colcon_parallel_executor.executor.parallel[0m [1;30mDEBUG[0m [32mloop closed[0m
[3.453s] [34mcolcon.colcon_parallel_executor.executor.parallel[0m [1;30mDEBUG[0m [32mrun_until_complete finished with '0'[0m
[3.453s] [34mcolcon.colcon_core.event_reactor[0m [1;30mDEBUG[0m [32mjoining thread[0m
[3.470s] [34mcolcon.colcon_core.plugin_system[0m [1;30mINFO[0m Skipping extension 'colcon_notification.desktop_notification.terminal_notifier': Not used on non-Darwin systems
[3.470s] [34mcolcon.colcon_core.plugin_system[0m [1;30mINFO[0m Skipping extension 'colcon_notification.desktop_notification.win32': Not used on non-Windows systems
[3.471s] [34mcolcon.colcon_notification.desktop_notification[0m [1;30mINFO[0m Sending desktop notification using 'notify2'
[3.509s] [34mcolcon.colcon_core.event_reactor[0m [1;30mDEBUG[0m [32mjoined thread[0m
[3.510s] [34mcolcon.colcon_core.shell[0m [1;30mINFO[0m Creating prefix script '/home/nvidia/colcon_ws/src/team1/install/local_setup.ps1'
[3.513s] [34mcolcon.colcon_core.shell[0m [1;30mINFO[0m Creating prefix util module '/home/nvidia/colcon_ws/src/team1/install/_local_setup_util_ps1.py'
[3.517s] [34mcolcon.colcon_core.shell[0m [1;30mINFO[0m Creating prefix chain script '/home/nvidia/colcon_ws/src/team1/install/setup.ps1'
[3.524s] [34mcolcon.colcon_core.shell[0m [1;30mINFO[0m Creating prefix script '/home/nvidia/colcon_ws/src/team1/install/local_setup.sh'
[3.529s] [34mcolcon.colcon_core.shell[0m [1;30mINFO[0m Creating prefix util module '/home/nvidia/colcon_ws/src/team1/install/_local_setup_util_sh.py'
[3.531s] [34mcolcon.colcon_core.shell[0m [1;30mINFO[0m Creating prefix chain script '/home/nvidia/colcon_ws/src/team1/install/setup.sh'
[3.549s] [34mcolcon.colcon_core.shell[0m [1;30mINFO[0m Creating prefix script '/home/nvidia/colcon_ws/src/team1/install/local_setup.bash'
[3.553s] [34mcolcon.colcon_core.shell[0m [1;30mINFO[0m Creating prefix chain script '/home/nvidia/colcon_ws/src/team1/install/setup.bash'
[3.564s] [34mcolcon.colcon_core.shell[0m [1;30mINFO[0m Creating prefix script '/home/nvidia/colcon_ws/src/team1/install/local_setup.zsh'
[3.565s] [34mcolcon.colcon_core.shell[0m [1;30mINFO[0m Creating prefix chain script '/home/nvidia/colcon_ws/src/team1/install/setup.zsh'
